"../../../WalkSim/Content/Spawn_Blueprint.uasset" 0
"../../../WalkSim/Content/TriggerBox_Blueprint.uasset" 1
"../../../Engine/Content/EditorBlueprintResources/StandardMacros.uasset" 2
"../../../Engine/Content/EngineSky/C_Sky_Cloud_Color.uasset" 3
"../../../Engine/Content/EngineSky/C_Sky_Horizon_Color.uasset" 4
"../../../Engine/Content/EngineSky/C_Sky_Zenith_Color.uasset" 5
"../../../Engine/Content/EngineSky/T_Sky_Blue.uasset" 6
"../../../Engine/Content/EngineSky/T_Sky_Clouds_M.uasset" 7
"../../../Engine/Content/EngineSky/T_Sky_Stars.uasset" 8
"../../../Engine/Content/EngineSky/SM_SkySphere.uasset" 9
"../../../Engine/Content/EngineSky/M_Sky_Panning_Clouds2.uasset" 10
"../../../Engine/Content/EngineSky/BP_Sky_Sphere.uasset" 11
"../../../Engine/Content/Functions/Engine_MaterialFunctions02/Utility/BlendAngleCorrectedNormals.uasset" 12
"../../../Engine/Content/Functions/MaterialLayerFunctions/MatLayerBlend_NormalBlend.uasset" 13
"../../../Engine/Content/Functions/MaterialLayerFunctions/MatLayerBlend_Simple.uasset" 14
"../../../WalkSim/Content/FirstPerson/Character/Materials/MaterialLayers/T_ML_Rubber_Blue_01_D.uasset" 15
"../../../WalkSim/Content/FirstPerson/Character/Materials/MaterialLayers/T_ML_Rubber_Blue_01_N.uasset" 16
"../../../WalkSim/Content/FirstPerson/Character/Materials/MaterialLayers/ML_GlossyBlack_Latex_UE4.uasset" 17
"../../../WalkSim/Content/FirstPerson/Character/Materials/MaterialLayers/ML_Plastic_Shiny_Beige.uasset" 18
"../../../WalkSim/Content/FirstPerson/Character/Textures/UE4_LOGO_CARD.uasset" 19
"../../../WalkSim/Content/FirstPerson/Character/Materials/MaterialLayers/ML_Plastic_Shiny_Beige_LOGO.uasset" 20
"../../../WalkSim/Content/FirstPerson/Character/Materials/MaterialLayers/T_ML_Aluminum01.uasset" 21
"../../../WalkSim/Content/FirstPerson/Character/Materials/MaterialLayers/T_ML_Aluminum01_N.uasset" 22
"../../../WalkSim/Content/FirstPerson/Character/Materials/MaterialLayers/ML_SoftMetal_UE4.uasset" 23
"../../../WalkSim/Content/FirstPerson/Character/Textures/UE4_Mannequin__normals.uasset" 24
"../../../WalkSim/Content/FirstPerson/Character/Textures/UE4_Mannequin_MAT_MASKA.uasset" 25
"../../../WalkSim/Content/FirstPerson/Character/Materials/M_UE4Man_Body.uasset" 26
"../../../WalkSim/Content/StarterContent/Materials/M_Glass.uasset" 27
"../../../Engine/Content/Functions/Engine_MaterialFunctions01/Opacity/CameraDepthFade.uasset" 28
"../../../Engine/Content/EngineMaterials/T_Default_Material_Grid_M.uasset" 29
"../../../Engine/Content/EngineMaterials/T_Default_Material_Grid_N.uasset" 30
"../../../Engine/Content/EngineMaterials/WorldGridMaterial.uasset" 31
"../../../WalkSim/Content/FirstPerson/3d-model.uasset" 32
"../../../WalkSim/Content/FirstPersonBP/Blueprints/FirstPersonProjectile.uasset" 33
"../../../Engine/Content/BasicShapes/BasicShapeMaterial.uasset" 34
"../../../WalkSim/Content/StarterContent/Textures/T_CobbleStone_Smooth_D.uasset" 35
"../../../WalkSim/Content/StarterContent/Textures/T_CobbleStone_Smooth_M.uasset" 36
"../../../WalkSim/Content/StarterContent/Textures/T_CobbleStone_Smooth_N.uasset" 37
"../../../WalkSim/Content/StarterContent/Textures/T_Gradinet_01.uasset" 38
"../../../WalkSim/Content/StarterContent/Textures/T_MacroVariation.uasset" 39
"../../../WalkSim/Content/StarterContent/Textures/T_Rock_Smooth_Granite_D.uasset" 40
"../../../WalkSim/Content/StarterContent/Materials/M_CobbleStone_Smooth.uasset" 41
"../../../WalkSim/Content/StarterContent/Textures/T_Ground_Grass_D.uasset" 42
"../../../WalkSim/Content/StarterContent/Textures/T_Ground_Grass_N.uasset" 43
"../../../WalkSim/Content/StarterContent/Textures/T_Perlin_Noise_M.uasset" 44
"../../../WalkSim/Content/StarterContent/Materials/M_Ground_Grass.uasset" 45
"../../../WalkSim/Content/StarterContent/Textures/T_Water_N.uasset" 46
"../../../WalkSim/Content/StarterContent/Materials/M_Water_Lake.uasset" 47
"../../../Engine/Content/EngineMaterials/DefaultMaterial.uasset" 48
"../../../Engine/Content/BasicShapes/Cone.uasset" 49
"../../../Engine/Content/BasicShapes/Cube.uasset" 50
"../../../Engine/Content/BasicShapes/Sphere.uasset" 51
"../../../Engine/Content/EngineMaterials/DefaultPhysicalMaterial.uasset" 52
"../../../WalkSim/Content/Spiral_Stair_Brush3_StaticMesh.uasset" 53
"../../../WalkSim/Content/StarterContent/Materials/M_Basic_Floor.uasset" 54
"../../../WalkSim/Content/StarterContent/Architecture/Floor_400x400.uasset" 55
"../../../WalkSim/Content/StarterContent/Textures/T_Fire_SubUV.uasset" 56
"../../../WalkSim/Content/StarterContent/Textures/T_Fire_Tiled_D.uasset" 57
"../../../WalkSim/Content/StarterContent/Particles/Materials/M_Fire_SubUV.uasset" 58
"../../../WalkSim/Content/StarterContent/Particles/Materials/M_Heat_Distortion.uasset" 59
"../../../Engine/Content/Functions/Engine_MaterialFunctions01/Gradient/RadialGradient.uasset" 60
"../../../WalkSim/Content/StarterContent/Particles/Materials/M_Radial_Gradient.uasset" 61
"../../../WalkSim/Content/StarterContent/Textures/T_Smoke_SubUV.uasset" 62
"../../../WalkSim/Content/StarterContent/Textures/T_Smoke_Tiled_D.uasset" 63
"../../../WalkSim/Content/StarterContent/Particles/Materials/M_smoke_subUV.uasset" 64
"../../../WalkSim/Content/StarterContent/Particles/P_Fire.uasset" 65
"../../../WalkSim/Content/StarterContent/Textures/T_Chair_M.uasset" 66
"../../../WalkSim/Content/StarterContent/Textures/T_Chair_N.uasset" 67
"../../../WalkSim/Content/StarterContent/Props/Materials/M_Chair.uasset" 68
"../../../WalkSim/Content/StarterContent/Props/SM_Couch.uasset" 69
"../../../WalkSim/Content/StarterContent/Textures/T_Bush_D.uasset" 70
"../../../WalkSim/Content/StarterContent/Textures/T_Bush_N.uasset" 71
"../../../WalkSim/Content/StarterContent/Textures/T_Wood_Floor_Walnut_D.uasset" 72
"../../../WalkSim/Content/StarterContent/Textures/T_Wood_Floor_Walnut_M.uasset" 73
"../../../WalkSim/Content/StarterContent/Textures/T_Wood_Floor_Walnut_N.uasset" 74
"../../../WalkSim/Content/Maps/MishMap1.umap" 75
"../../../Engine/Content/EngineMaterials/DefaultDiffuse.uasset" 76
"../../../Engine/Content/EngineMaterials/DefaultNormal.uasset" 77
"../../../Engine/Content/Maps/Entry.umap" 78
"../../../Engine/Content/EngineFonts/Roboto.uasset" 79
"../../../Engine/Content/Functions/Engine_MaterialFunctions01/Shading/PowerToRoughness.uasset" 80
"../../../Engine/Content/Functions/Engine_MaterialFunctions01/Shading/ConvertFromDiffSpec.uasset" 81
"../../../Engine/Content/EngineMaterials/DefaultDeferredDecalMaterial.uasset" 82
"../../../Engine/Content/EngineMaterials/DefaultLightFunctionMaterial.uasset" 83
"../../../Engine/Content/Functions/Engine_MaterialFunctions02/Utility/BreakOutFloat2Components.uasset" 84
"../../../Engine/Content/EngineMaterials/DefaultPostProcessMaterial.uasset" 85
"../../../Engine/Content/EngineResources/DefaultTexture.uasset" 86
"../../../Engine/Content/Functions/Engine_MaterialFunctions02/Texturing/ScreenAlignedUVs.uasset" 87
"../../../Engine/Content/EngineResources/WhiteSquareTexture.uasset" 88
"../../../Engine/Content/EngineMaterials/Widget3DPassThrough.uasset" 89
"../../../Engine/Content/EngineMaterials/Widget3DPassThrough_Translucent.uasset" 90
"../../../Engine/Content/EngineMaterials/Widget3DPassThrough_Translucent_OneSided.uasset" 91
"../../../Engine/Content/EngineMaterials/Widget3DPassThrough_Opaque.uasset" 92
"../../../Engine/Content/EngineMaterials/Widget3DPassThrough_Opaque_OneSided.uasset" 93
"../../../Engine/Content/EngineMaterials/Widget3DPassThrough_Masked.uasset" 94
"../../../Engine/Content/EngineMaterials/Widget3DPassThrough_Masked_OneSided.uasset" 95
"../../../Engine/Content/EditorResources/S_Actor.uasset" 96
"../../../Engine/Content/Maps/Templates/Thumbnails/Default.uasset" 97
"../../../Engine/Content/EditorMaterials/ParticleSystems/PSysThumbnail_NoImage.uasset" 98
"../../../Engine/Content/EditorMaterials/ParticleSystems/PSysThumbnail_OOD.uasset" 99
"../../../Engine/Content/EditorLandscapeResources/DataLayer.uasset" 100
"../../../Engine/Content/EngineDamageTypes/DmgTypeBP_Environmental.uasset" 101
"../../../Engine/Content/EngineMeshes/Sphere.uasset" 102
"../../../Engine/Content/EngineFonts/RobotoDistanceField.uasset" 103
"../../../Engine/Content/EngineMaterials/DefaultTextMaterialOpaque.uasset" 104
"../../../Engine/Content/EditorResources/S_Trigger.uasset" 105
"../../../Engine/Content/EngineResources/GradientTexture0.uasset" 106
"../../../Engine/Content/EngineResources/Black.uasset" 107
"../../../Engine/Content/EditorMaterials/MatineeGroups/MAT_Groups_Float.uasset" 108
"../../../Engine/Content/EditorMaterials/MatineeGroups/MAT_Groups_Director.uasset" 109
"../../../Engine/Content/EditorMaterials/MatineeGroups/MAT_Groups_Event.uasset" 110
"../../../Engine/Content/EditorMaterials/MatineeGroups/MAT_Groups_Anim.uasset" 111
"../../../Engine/Content/EditorMaterials/MatineeGroups/MAT_Groups_Fade.uasset" 112
"../../../Engine/Content/EditorMaterials/MatineeGroups/MAT_Groups_Move.uasset" 113
"../../../Engine/Content/EditorMaterials/MatineeGroups/MAT_Groups_Slomo.uasset" 114
"../../../Engine/Content/EditorMaterials/MatineeGroups/MAT_ColorTrack.uasset" 115
"../../../Engine/Content/EditorMaterials/MAT_Groups_Toggle.uasset" 116
"../../../Engine/Content/EditorMaterials/MatineeGroups/MAT_Groups_AudioMaster.uasset" 117
"../../../Engine/Content/EditorMaterials/MatineeGroups/MAT_Groups_Sound.uasset" 118
"../../../Engine/Content/EditorMaterials/MatineeGroups/MAT_Groups_Vector.uasset" 119
"../../../Engine/Content/EditorMaterials/MAT_Groups_Visibility.uasset" 120
"../../../Engine/Content/EngineResources/DefaultTextureCube.uasset" 121
"../../../Engine/Content/EngineMeshes/Cylinder.uasset" 122
"../../../Engine/Content/EngineTireTypes/DefaultTireType.uasset" 123
"../../../Engine/Content/EngineResources/AICON-Red.uasset" 124
"../../../Engine/Content/EngineResources/AICON-Green.uasset" 125
"../../../Engine/Content/Tutorial/Basics/TutorialAssets/icon_tab_Levels_40x.uasset" 126
"../../../Engine/Content/Tutorial/Basics/LevelEditorOverview.uasset" 127
"../../../Engine/Content/Tutorial/Basics/LevelEditorAttract.uasset" 128
"../../../Engine/Content/Tutorial/BlueprintTutorials/TutorialAssets/Blueprint_64x.uasset" 129
"../../../Engine/Content/Tutorial/BlueprintTutorials/BlueprintEditorTutorial.uasset" 130
"../../../Engine/Content/Tutorial/SubEditors/TutorialAssets/icon_ShowSkeletalMeshes_40x.uasset" 131
"../../../Engine/Content/Tutorial/SubEditors/TutorialAssets/Character/TutorialTPP_Mat.uasset" 132
"../../../Engine/Content/Tutorial/SubEditors/TutorialAssets/Character/TutorialTPP_PhysicsAsset.uasset" 133
"../../../Engine/Content/Tutorial/SubEditors/TutorialAssets/Character/TutorialTPP.uasset" 134
"../../../Engine/Content/Tutorial/SubEditors/TutorialAssets/Character/TutorialTPP_Skeleton.uasset" 135
"../../../Engine/Content/Tutorial/SubEditors/TutorialAssets/Character/Tutorial_Idle.uasset" 136
"../../../Engine/Content/Tutorial/SubEditors/TutorialAssets/Character/Tutorial_Walk_Fwd.uasset" 137
"../../../Engine/Content/Tutorial/SubEditors/TutorialAssets/Character/NewBlendSpace1D.uasset" 138
"../../../Engine/Content/Tutorial/SubEditors/TutorialAssets/Character/TutorialCharacter.uasset" 139
"../../../Engine/Content/Tutorial/SubEditors/TutorialAssets/Character/TutorialTPP_AnimBlueprint.uasset" 140
"../../../Engine/Content/Tutorial/SubEditors/PersonaAnimBlueprintEditorWalkthrough.uasset" 141
"../../../Engine/Content/Tutorial/SubEditors/PersonaAnimEditorWalkthrough.uasset" 142
"../../../Engine/Content/Tutorial/SubEditors/SkeletonModeWalkthrough.uasset" 143
"../../../WalkSim/Content/FirstPersonCPP/FirstPersonOverview.uasset" 144
"../../../Engine/Content/Tutorial/InWorldBlueprintEditing/IWBE_Tutorial_Part3.uasset" 145
"../../../Engine/Content/Tutorial/InWorldBlueprintEditing/IWBE_Tutorial_Part2.uasset" 146
"../../../Engine/Content/Tutorial/InWorldBlueprintEditing/IWBE_Tutorial.uasset" 147
"../../../Engine/Content/Tutorial/InWorldBlueprintEditing/TutorialAssets/IWBE_Bridge1.uasset" 148
"../../../Engine/Content/Tutorial/ContentIntroCurve.uasset" 149
"../../../Engine/Plugins/2D/Paper2D/Content/PlaceholderTextures/DummySpriteTexture.uasset" 150
"../../../Engine/Plugins/2D/Paper2D/Content/DefaultSpriteMaterial.uasset" 151
"../../../Engine/Plugins/2D/Paper2D/Content/MaskedUnlitSpriteMaterial.uasset" 152
"../../../Engine/Plugins/2D/Paper2D/Content/OpaqueUnlitSpriteMaterial.uasset" 153
"../../../Engine/Plugins/2D/Paper2D/Content/DummySpriteTexture.uasset" 154
"../../../Engine/Plugins/2D/Paper2D/Content/DummySprite.uasset" 155
"../../../Engine/Plugins/2D/Paper2D/Content/DefaultPaperTerrainMaterial.uasset" 156
"../../../Engine/Plugins/Runtime/LeapMotionController/Content/LM_CapsuleMesh.uasset" 157
"../../../Engine/Plugins/Runtime/LeapMotionController/Content/LM_TorusMesh.uasset" 158
"../../../Engine/Plugins/Runtime/LeapMotionController/Content/LM_HandColor.uasset" 159
"../../../Engine/Plugins/Runtime/LeapMotionController/Content/LM_SampleDistortion.uasset" 160
"../../../Engine/Plugins/Runtime/LeapMotionController/Content/LM_TestTexture.uasset" 161
"../../../Engine/Plugins/Runtime/LeapMotionController/Content/LM_PassthroughMaterial.uasset" 162
"../../../Engine/Content/EngineMaterials/RemoveSurfaceMaterial.uasset" 163
"../../../Engine/Content/EngineDebugMaterials/DebugMeshMaterial.uasset" 164
"../../../Engine/Content/EngineMaterials/InvalidLightmapSettings.uasset" 165
"../../../Engine/Content/EngineMaterials/M_InvalidLightmapSettings.uasset" 166
"../../../Engine/Content/EditorMaterials/GizmoMaterial.uasset" 167
"../../../Engine/Content/EngineMaterials/Good64x64TilingNoiseHighFreq.uasset" 168
"../../../Engine/Content/EngineMaterials/DefaultBokeh.uasset" 169
"../../../Engine/Content/EngineMaterials/PreintegratedSkinBRDF.uasset" 170
"../../../Engine/Content/EngineMaterials/MiniFont.uasset" 171
"../../../Engine/Content/EngineMaterials/WeightMapPlaceholderTexture.uasset" 172
"../../../Engine/Content/EngineMaterials/DefaultWhiteGrid.uasset" 173
"../../../Engine/Content/EngineFonts/RobotoTiny.uasset" 174
"../../../Engine/Content/MobileResources/HUD/MobileHUDDirectionStick.uasset" 175
"../../../Engine/Content/MobileResources/HUD/MobileHUDButton1_on.uasset" 176
"../../../Engine/Content/MobileResources/HUD/MobileHUDButtonFire.uasset" 177
"../../../Engine/Content/MobileResources/HUD/T_Castle_ThumbstickOutter.uasset" 178
"../../../Engine/Content/MobileResources/HUD/MobileHUDButton3.uasset" 179
"../../../Engine/Content/MobileResources/HUD/MobileHUDDirectionPad2.uasset" 180
"../../../Engine/Content/MobileResources/HUD/T_Castle_ThumbstickInner.uasset" 181
"../../../Engine/Content/MobileResources/HUD/MobileHUDButton1_off.uasset" 182
"../../../Engine/Content/MobileResources/HUD/MobileHUDButton2_on.uasset" 183
"../../../Engine/Content/EditorMaterials/PhAT_JointLimitMaterial.uasset" 184
"../../../Engine/Content/EditorMaterials/PreviewShadowIndicator.uasset" 185
"../../../Engine/Content/EditorMaterials/PreviewShadowIndicatorMaterial.uasset" 186
"../../../Engine/Content/EditorMeshes/ColorCalibrator/M_ChromeBall.uasset" 187
"../../../Engine/Content/EditorMeshes/ColorCalibrator/M_ClearCoat.uasset" 188
"../../../Engine/Content/EditorMeshes/ColorCalibrator/M_ClearCoatBlack.uasset" 189
"../../../Engine/Content/EditorMeshes/ColorCalibrator/T_ColorGrid.uasset" 190
"../../../Engine/Content/EditorMeshes/ColorCalibrator/M_ColorGrid.uasset" 191
"../../../Engine/Content/EditorMeshes/ColorCalibrator/M_GreyBall.uasset" 192
"../../../Engine/Content/EditorMeshes/ColorCalibrator/SM_ColorCalibrator.uasset" 193
"../../../Engine/Content/EditorResources/BSPVertex.uasset" 194
"../../../Engine/Content/EngineDebugMaterials/HeatmapGradient.uasset" 195
"../../../Engine/Content/EngineDebugMaterials/BoneWeightMaterial.uasset" 196
"../../../Engine/Content/EngineDebugMaterials/GeomMaterial.uasset" 197
"../../../Engine/Content/EngineMaterials/EditorBrushMaterial.uasset" 198
"../../../Engine/Content/MobileResources/T_MobileControls_texture.uasset" 199
"../../../Engine/Content/MobileResources/T_MobileMenu2.uasset" 200
"../../../Engine/Content/MobileResources/HUD/AnalogHat.uasset" 201
"../../../Engine/Content/MobileResources/HUD/VirtualJoystick_Background.uasset" 202
"../../../Engine/Content/MobileResources/HUD/VirtualJoystick_Thumb.uasset" 203
"../../../Engine/Content/MobileResources/HUD/DefaultVirtualJoysticks.uasset" 204
"../../../Engine/Content/MobileResources/HUD/LeftVirtualJoystickOnly.uasset" 205
"../../../Engine/Content/MobileResources/HUD/MobileHUDButton2_off.uasset" 206
"../../../Engine/Content/MobileResources/HUD/MobileHUDDirectionPad.uasset" 207
"../../../Engine/Content/MobileResources/HUD/MobileHUDDirectionPad3.uasset" 208
"../../../Engine/Content/Tutorial/BlueprintTutorials/TutorialAssets/BlueprintInterface_64x.uasset" 209
"../../../Engine/Content/Tutorial/BlueprintTutorials/TutorialAssets/Tutorial_BP_Interface.uasset" 210
"../../../Engine/Content/Tutorial/BlueprintTutorials/BlueprintInterfacesEditorOverview.uasset" 211
"../../../Engine/Content/Tutorial/BlueprintTutorials/TutorialAssets/BlueprintMacroLibrary_64x.uasset" 212
"../../../Engine/Content/Tutorial/BlueprintTutorials/TutorialAssets/Tutorial_BP_MacroLib.uasset" 213
"../../../Engine/Content/Tutorial/BlueprintTutorials/BlueprintMacroLibrariesEditorOverview.uasset" 214
"../../../Engine/Content/Tutorial/BlueprintTutorials/LevelBlueprintEditorOverview.uasset" 215
"../../../Engine/Content/Tutorial/Foliage/TutorialAssets/Foliage.uasset" 216
"../../../Engine/Content/Tutorial/Foliage/Foliage_Settings_Tutorial.uasset" 217
"../../../Engine/Content/Tutorial/Foliage/Foliage_Using_The_Tool_Tutorial.uasset" 218
"../../../Engine/Content/Tutorial/Foliage/Foliage_Intro_Tutorial.uasset" 219
"../../../Engine/Content/Tutorial/Landscape/TutorialAssets/Landscape.uasset" 220
"../../../Engine/Content/Tutorial/Landscape/Landscape_Painting_Mode.uasset" 221
"../../../Engine/Content/Tutorial/Landscape/Landscape_Sculpt_Mode.uasset" 222
"../../../Engine/Content/Tutorial/Landscape/Landscape_Manage_Mode.uasset" 223
"../../../Engine/Content/Tutorial/Paper2D/TutorialAssets/Paper2DFlipbook_TutorialIcon.uasset" 224
"../../../Engine/Content/Tutorial/Paper2D/FlipbookEditorTutorial.uasset" 225
"../../../Engine/Content/Tutorial/Paper2D/TutorialAssets/Paper2DSprite_TutorialIcon.uasset" 226
"../../../Engine/Content/Tutorial/Paper2D/SpriteEditorTutorial.uasset" 227
"../../../Engine/Content/EditorMeshes/EditorCube.uasset" 228
"../../../Engine/Content/Tutorial/SubEditors/TutorialAssets/Tutorial_DM.uasset" 229
"../../../Engine/Content/Tutorial/SubEditors/DestructibleMeshEditorTutorial.uasset" 230
"../../../Engine/Content/Tutorial/SubEditors/TutorialAssets/TutorialMaterial.uasset" 231
"../../../Engine/Content/Tutorial/SubEditors/MaterialEditorTutorial.uasset" 232
"../../../Engine/Content/Tutorial/SubEditors/TutorialAssets/T_SmokeSubUV_8X8.uasset" 233
"../../../Engine/Content/Tutorial/SubEditors/TutorialAssets/T_soft_smoke.uasset" 234
"../../../Engine/Content/Tutorial/SubEditors/TutorialAssets/M_smoke_subUV_blackbody.uasset" 235
"../../../Engine/Content/Tutorial/SubEditors/TutorialAssets/TutorialParticleSystem.uasset" 236
"../../../Engine/Content/Tutorial/SubEditors/ParticleSystemEditorTutorial.uasset" 237
"../../../Engine/Content/EngineMeshes/Cube.uasset" 238
"../../../Engine/Content/Tutorial/SubEditors/StaticMeshEditorTutorial.uasset" 239
"../../../Engine/Content/Tutorial/SubEditors/TutorialAssets/icon_Editor_Preferences_General_40x.uasset" 240
"../../../WalkSim/Content/FirstPerson/Character/Mesh/SK_Mannequin_Arms_PhysicsAsset.uasset" 241
"../../../WalkSim/Content/FirstPerson/Character/Mesh/SK_Mannequin_Arms.uasset" 242
"../../../WalkSim/Content/FirstPerson/Character/Mesh/SK_Mannequin_Arms_Skeleton.uasset" 243
"../../../WalkSim/Content/FirstPerson/Animations/FirstPerson_Idle.uasset" 244
"../../../WalkSim/Content/FirstPerson/Animations/FirstPerson_JumpEnd.uasset" 245
"../../../WalkSim/Content/FirstPerson/Animations/FirstPerson_JumpLoop.uasset" 246
"../../../WalkSim/Content/FirstPerson/Animations/FirstPerson_JumpStart.uasset" 247
"../../../WalkSim/Content/FirstPerson/Animations/FirstPerson_Run.uasset" 248
"../../../WalkSim/Content/FirstPerson/Animations/FirstPerson_AnimBP.uasset" 249
"../../../WalkSim/Content/FirstPerson/Animations/FirstPerson_Fire.uasset" 250
"../../../WalkSim/Content/FirstPerson/Animations/FirstPersonFire_Montage.uasset" 251
"../../../WalkSim/Content/FirstPerson/Audio/FirstPersonTemplateWeaponFire02.uasset" 252
"../../../WalkSim/Content/FirstPerson/FPWeapon/Materials/MaterialLayers/T_ML_Rubber_Blue_01_D.uasset" 253
"../../../WalkSim/Content/FirstPerson/FPWeapon/Materials/MaterialLayers/T_ML_Rubber_Blue_01_N.uasset" 254
"../../../WalkSim/Content/FirstPerson/FPWeapon/Materials/MaterialLayers/ML_GlossyBlack_Latex_UE4.uasset" 255
"../../../WalkSim/Content/FirstPerson/FPWeapon/Materials/MaterialLayers/ML_Plastic_Shiny_Beige.uasset" 256
"../../../WalkSim/Content/FirstPerson/FPWeapon/Materials/MaterialLayers/ML_Screen.uasset" 257
"../../../WalkSim/Content/FirstPerson/FPWeapon/Materials/MaterialLayers/T_ML_Aluminum01.uasset" 258
"../../../WalkSim/Content/FirstPerson/FPWeapon/Materials/MaterialLayers/T_ML_Aluminum01_N.uasset" 259
"../../../WalkSim/Content/FirstPerson/FPWeapon/Materials/MaterialLayers/ML_SoftMetal_UE4.uasset" 260
"../../../WalkSim/Content/FirstPerson/FPWeapon/Textures/T_FPGun_M.uasset" 261
"../../../WalkSim/Content/FirstPerson/FPWeapon/Textures/T_FPGun_N.uasset" 262
"../../../WalkSim/Content/FirstPerson/FPWeapon/Materials/M_FPGun.uasset" 263
"../../../WalkSim/Content/FirstPerson/FPWeapon/Mesh/SK_FPGun_Skeleton.uasset" 264
"../../../WalkSim/Content/FirstPerson/FPWeapon/Mesh/SK_FPGun.uasset" 265
"../../../WalkSim/Content/FirstPersonBP/Blueprints/FirstPersonCharacter.uasset" 266
"../../../WalkSim/Content/FirstPerson/Textures/FirstPersonCrosshair.uasset" 267
"../../../WalkSim/Content/FirstPersonBP/Blueprints/FirstPersonHUD.uasset" 268
"../../../WalkSim/Content/FirstPersonBP/Blueprints/FirstPersonGameMode.uasset" 269
